# JRE version: OpenJDK Runtime Environment (8.0_152-b01) (build 1.8.0_152-release-1248-b01)
# Java VM: OpenJDK 64-Bit Server VM (25.152-b01 mixed mode windows-amd64 compressed oops)
Heap:
 PSYoungGen      total 401920K, used 223486K [0x00000000e0000000, 0x00000000fef80000, 0x0000000100000000)
  eden space 292352K, 63% used [0x00000000e0000000,0x00000000eb5dbd08,0x00000000f1d80000)
  from space 109568K, 34% used [0x00000000f8480000,0x00000000fa8e3c78,0x00000000fef80000)
  to   space 105472K, 0% used [0x00000000f1d80000,0x00000000f1d80000,0x00000000f8480000)
 ParOldGen       total 403456K, used 355042K [0x00000000a0000000, 0x00000000b8a00000, 0x00000000e0000000)
  object space 403456K, 88% used [0x00000000a0000000,0x00000000b5ab8b50,0x00000000b8a00000)
 Metaspace       used 99955K, capacity 104876K, committed 105088K, reserved 1140736K
  class space    used 12418K, capacity 13392K, committed 13440K, reserved 1048576K
GC Heap History (10 events):
Event: 7047.451 GC heap before
{Heap before GC invocations=70 (full 6):
 PSYoungGen      total 276992K, used 276395K [0x00000000e0000000, 0x00000000ff680000, 0x0000000100000000)
  eden space 258560K, 99% used [0x00000000e0000000,0x00000000efc5e7a8,0x00000000efc80000)
  from space 18432K, 97% used [0x00000000efc80000,0x00000000f0e0c630,0x00000000f0e80000)
  to   space 126976K, 0% used [0x00000000f7a80000,0x00000000f7a80000,0x00000000ff680000)
 ParOldGen       total 403456K, used 336732K [0x00000000a0000000, 0x00000000b8a00000, 0x00000000e0000000)
  object space 403456K, 83% used [0x00000000a0000000,0x00000000b48d7008,0x00000000b8a00000)
 Metaspace       used 99618K, capacity 104432K, committed 104576K, reserved 1140736K
  class space    used 12407K, capacity 13346K, committed 13440K, reserved 1048576K
Event: 7047.459 GC heap after
Heap after GC invocations=70 (full 6):
 PSYoungGen      total 390144K, used 2217K [0x00000000e0000000, 0x0000000100000000, 0x0000000100000000)
  eden space 263168K, 0% used [0x00000000e0000000,0x00000000e0000000,0x00000000f0100000)
  from space 126976K, 1% used [0x00000000f7a80000,0x00000000f7caa4e0,0x00000000ff680000)
  to   space 124416K, 0% used [0x00000000f0100000,0x00000000f0100000,0x00000000f7a80000)
 ParOldGen       total 403456K, used 344595K [0x00000000a0000000, 0x00000000b8a00000, 0x00000000e0000000)
  object space 403456K, 85% used [0x00000000a0000000,0x00000000b5084fe8,0x00000000b8a00000)
 Metaspace       used 99618K, capacity 104432K, committed 104576K, reserved 1140736K
  class space    used 12407K, capacity 13346K, committed 13440K, reserved 1048576K
}
Event: 7047.507 GC heap before
{Heap before GC invocations=71 (full 6):
 PSYoungGen      total 390144K, used 265385K [0x00000000e0000000, 0x0000000100000000, 0x0000000100000000)
  eden space 263168K, 100% used [0x00000000e0000000,0x00000000f0100000,0x00000000f0100000)
  from space 126976K, 1% used [0x00000000f7a80000,0x00000000f7caa4e0,0x00000000ff680000)
  to   space 124416K, 0% used [0x00000000f0100000,0x00000000f0100000,0x00000000f7a80000)
 ParOldGen       total 403456K, used 344595K [0x00000000a0000000, 0x00000000b8a00000, 0x00000000e0000000)
  object space 403456K, 85% used [0x00000000a0000000,0x00000000b5084fe8,0x00000000b8a00000)
 Metaspace       used 99618K, capacity 104432K, committed 104576K, reserved 1140736K
  class space    used 12407K, capacity 13346K, committed 13440K, reserved 1048576K
Event: 7047.511 GC heap after
Heap after GC invocations=71 (full 6):
 PSYoungGen      total 387584K, used 256K [0x00000000e0000000, 0x00000000ff880000, 0x0000000100000000)
  eden space 263168K, 0% used [0x00000000e0000000,0x00000000e0000000,0x00000000f0100000)
  from space 124416K, 0% used [0x00000000f0100000,0x00000000f0140000,0x00000000f7a80000)
  to   space 121856K, 0% used [0x00000000f8180000,0x00000000f8180000,0x00000000ff880000)
 ParOldGen       total 403456K, used 345846K [0x00000000a0000000, 0x00000000b8a00000, 0x00000000e0000000)
  object space 403456K, 85% used [0x00000000a0000000,0x00000000b51bd810,0x00000000b8a00000)
 Metaspace       used 99618K, capacity 104432K, committed 104576K, reserved 1140736K
  class space    used 12407K, capacity 13346K, committed 13440K, reserved 1048576K
}
Event: 10612.450 GC heap before
{Heap before GC invocations=72 (full 6):
 PSYoungGen      total 387584K, used 263424K [0x00000000e0000000, 0x00000000ff880000, 0x0000000100000000)
  eden space 263168K, 100% used [0x00000000e0000000,0x00000000f0100000,0x00000000f0100000)
  from space 124416K, 0% used [0x00000000f0100000,0x00000000f0140000,0x00000000f7a80000)
  to   space 121856K, 0% used [0x00000000f8180000,0x00000000f8180000,0x00000000ff880000)
 ParOldGen       total 403456K, used 345846K [0x00000000a0000000, 0x00000000b8a00000, 0x00000000e0000000)
  object space 403456K, 85% used [0x00000000a0000000,0x00000000b51bd810,0x00000000b8a00000)
 Metaspace       used 99726K, capacity 104566K, committed 104832K, reserved 1140736K
  class space    used 12414K, capacity 13357K, committed 13440K, reserved 1048576K
Event: 10612.457 GC heap after
Heap after GC invocations=72 (full 6):
 PSYoungGen      total 395776K, used 4186K [0x00000000e0000000, 0x00000000ff580000, 0x0000000100000000)
  eden space 276992K, 0% used [0x00000000e0000000,0x00000000e0000000,0x00000000f0e80000)
  from space 118784K, 3% used [0x00000000f8180000,0x00000000f8596920,0x00000000ff580000)
  to   space 117760K, 0% used [0x00000000f0e80000,0x00000000f0e80000,0x00000000f8180000)
 ParOldGen       total 403456K, used 345894K [0x00000000a0000000, 0x00000000b8a00000, 0x00000000e0000000)
  object space 403456K, 85% used [0x00000000a0000000,0x00000000b51c9810,0x00000000b8a00000)
 Metaspace       used 99726K, capacity 104566K, committed 104832K, reserved 1140736K
  class space    used 12414K, capacity 13357K, committed 13440K, reserved 1048576K
}
Event: 10617.882 GC heap before
{Heap before GC invocations=73 (full 6):
 PSYoungGen      total 395776K, used 281178K [0x00000000e0000000, 0x00000000ff580000, 0x0000000100000000)
  eden space 276992K, 100% used [0x00000000e0000000,0x00000000f0e80000,0x00000000f0e80000)
  from space 118784K, 3% used [0x00000000f8180000,0x00000000f8596920,0x00000000ff580000)
  to   space 117760K, 0% used [0x00000000f0e80000,0x00000000f0e80000,0x00000000f8180000)
 ParOldGen       total 403456K, used 345918K [0x00000000a0000000, 0x00000000b8a00000, 0x00000000e0000000)
  object space 403456K, 85% used [0x00000000a0000000,0x00000000b51cfb60,0x00000000b8a00000)
 Metaspace       used 99927K, capacity 104812K, committed 105088K, reserved 1140736K
  class space    used 12418K, capacity 13392K, committed 13440K, reserved 1048576K
Event: 10617.904 GC heap after
Heap after GC invocations=73 (full 6):
 PSYoungGen      total 394752K, used 20771K [0x00000000e0000000, 0x00000000ff000000, 0x0000000100000000)
  eden space 276992K, 0% used [0x00000000e0000000,0x00000000e0000000,0x00000000f0e80000)
  from space 117760K, 17% used [0x00000000f0e80000,0x00000000f22c8ef8,0x00000000f8180000)
  to   space 110080K, 0% used [0x00000000f8480000,0x00000000f8480000,0x00000000ff000000)
 ParOldGen       total 403456K, used 349635K [0x00000000a0000000, 0x00000000b8a00000, 0x00000000e0000000)
  object space 403456K, 86% used [0x00000000a0000000,0x00000000b5570cd0,0x00000000b8a00000)
 Metaspace       used 99927K, capacity 104812K, committed 105088K, reserved 1140736K
  class space    used 12418K, capacity 13392K, committed 13440K, reserved 1048576K
}
Event: 10626.277 GC heap before
{Heap before GC invocations=74 (full 6):
 PSYoungGen      total 394752K, used 297763K [0x00000000e0000000, 0x00000000ff000000, 0x0000000100000000)
  eden space 276992K, 100% used [0x00000000e0000000,0x00000000f0e80000,0x00000000f0e80000)
  from space 117760K, 17% used [0x00000000f0e80000,0x00000000f22c8ef8,0x00000000f8180000)
  to   space 110080K, 0% used [0x00000000f8480000,0x00000000f8480000,0x00000000ff000000)
 ParOldGen       total 403456K, used 349637K [0x00000000a0000000, 0x00000000b8a00000, 0x00000000e0000000)
  object space 403456K, 86% used [0x00000000a0000000,0x00000000b5571560,0x00000000b8a00000)
 Metaspace       used 99946K, capacity 104876K, committed 105088K, reserved 1140736K
  class space    used 12418K, capacity 13392K, committed 13440K, reserved 1048576K
Event: 10626.304 GC heap after
Heap after GC invocations=74 (full 6):
 PSYoungGen      total 401920K, used 37263K [0x00000000e0000000, 0x00000000fef80000, 0x0000000100000000)
  eden space 292352K, 0% used [0x00000000e0000000,0x00000000e0000000,0x00000000f1d80000)
  from space 109568K, 34% used [0x00000000f8480000,0x00000000fa8e3c78,0x00000000fef80000)
  to   space 105472K, 0% used [0x00000000f1d80000,0x00000000f1d80000,0x00000000f8480000)
 ParOldGen       total 403456K, used 355042K [0x00000000a0000000, 0x00000000b8a00000, 0x00000000e0000000)
  object space 403456K, 88% used [0x00000000a0000000,0x00000000b5ab8b50,0x00000000b8a00000)
 Metaspace       used 99946K, capacity 104876K, committed 105088K, reserved 1140736K
  class space    used 12418K, capacity 13392K, committed 13440K, reserved 1048576K
}

